<?xml version="1.0" encoding="UTF-8"?>
<testsuite name="iot.iotspring.IotSpringApplicationTests" tests="1" skipped="0" failures="0" errors="0" timestamp="2024-02-19T14:36:44" hostname="염준선의노트북" time="1.831">
  <properties/>
  <testcase name="contextLoads()" classname="iot.iotspring.IotSpringApplicationTests" time="1.831"/>
  <system-out><![CDATA[23:36:27.948 [Test worker] INFO org.springframework.test.context.support.AnnotationConfigContextLoaderUtils -- Could not detect default configuration classes for test class [iot.iotspring.IotSpringApplicationTests]: IotSpringApplicationTests does not declare any static, non-private, non-final, nested classes annotated with @Configuration.
23:36:28.493 [Test worker] INFO org.springframework.boot.test.context.SpringBootTestContextBootstrapper -- Found @SpringBootConfiguration iot.iotspring.IotSpringApplication for test class iot.iotspring.IotSpringApplicationTests

  .   ____          _            __ _ _
 /\\ / ___'_ __ _ _(_)_ __  __ _ \ \ \ \
( ( )\___ | '_ | '_| | '_ \/ _` | \ \ \ \
 \\/  ___)| |_)| | | | | || (_| |  ) ) ) )
  '  |____| .__|_| |_|_| |_\__, | / / / /
 =========|_|==============|___/=/_/_/_/
 :: Spring Boot ::                (v3.2.1)

2024-02-19T23:36:29.901+09:00  INFO 21108 --- [    Test worker] i.iotspring.IotSpringApplicationTests    : Starting IotSpringApplicationTests using Java 17.0.6 with PID 21108 (started by duawn in C:\Users\duawn\Desktop\IntelliJ-workspace\iot-spring)
2024-02-19T23:36:29.905+09:00  INFO 21108 --- [    Test worker] i.iotspring.IotSpringApplicationTests    : No active profile set, falling back to 1 default profile: "default"
2024-02-19T23:36:31.820+09:00  INFO 21108 --- [    Test worker] .s.d.r.c.RepositoryConfigurationDelegate : Bootstrapping Spring Data JPA repositories in DEFAULT mode.
2024-02-19T23:36:31.852+09:00  INFO 21108 --- [    Test worker] .s.d.r.c.RepositoryConfigurationDelegate : Finished Spring Data repository scanning in 9 ms. Found 0 JPA repository interfaces.
2024-02-19T23:36:34.949+09:00  INFO 21108 --- [    Test worker] o.hibernate.jpa.internal.util.LogHelper  : HHH000204: Processing PersistenceUnitInfo [name: default]
2024-02-19T23:36:35.101+09:00  INFO 21108 --- [    Test worker] org.hibernate.Version                    : HHH000412: Hibernate ORM core version 6.4.1.Final
2024-02-19T23:36:35.254+09:00  INFO 21108 --- [    Test worker] o.h.c.internal.RegionFactoryInitiator    : HHH000026: Second-level cache disabled
2024-02-19T23:36:35.929+09:00  INFO 21108 --- [    Test worker] o.s.o.j.p.SpringPersistenceUnitInfo      : No LoadTimeWeaver setup: ignoring JPA class transformer
2024-02-19T23:36:36.023+09:00  INFO 21108 --- [    Test worker] com.zaxxer.hikari.HikariDataSource       : HikariPool-1 - Starting...
2024-02-19T23:36:36.935+09:00  INFO 21108 --- [    Test worker] com.zaxxer.hikari.pool.HikariPool        : HikariPool-1 - Added connection com.mysql.cj.jdbc.ConnectionImpl@1760e594
2024-02-19T23:36:36.940+09:00  INFO 21108 --- [    Test worker] com.zaxxer.hikari.HikariDataSource       : HikariPool-1 - Start completed.
2024-02-19T23:36:39.604+09:00  INFO 21108 --- [    Test worker] o.h.e.t.j.p.i.JtaPlatformInitiator       : HHH000489: No JTA platform available (set 'hibernate.transaction.jta.platform' to enable JTA platform integration)
2024-02-19T23:36:39.621+09:00  INFO 21108 --- [    Test worker] j.LocalContainerEntityManagerFactoryBean : Initialized JPA EntityManagerFactory for persistence unit 'default'
Hibernate: select m1_0.id,m1_0.created_at,m1_0.name from member m1_0
Members: [Member{id=1, name='spring'}, Member{id=2, name=''}, Member{id=3, name='jpa'}, Member{id=4, name='ㅇㄹㅇ'}, Member{id=5, name='a'}, Member{id=6, name='spring2'}, Member{id=7, name='jusneon'}]
2024-02-19T23:36:44.282+09:00  INFO 21108 --- [    Test worker] i.iotspring.IotSpringApplicationTests    : Started IotSpringApplicationTests in 15.143 seconds (process running for 19.27)
]]></system-out>
  <system-err><![CDATA[]]></system-err>
</testsuite>
